<?xml version="1.0" encoding="UTF-8"?>
<testng-results skipped="0" failed="0" ignored="0" total="2" passed="2">
  <reporter-output>
  </reporter-output>
  <suite name="Default suite" duration-ms="69336" started-at="2019-04-22T12:42:29Z" finished-at="2019-04-22T12:43:38Z">
    <groups>
    </groups>
    <test name="Default test" duration-ms="69336" started-at="2019-04-22T12:42:29Z" finished-at="2019-04-22T12:43:38Z">
      <class name="Muvi.Grid.Value">
        <test-method status="PASS" signature="f()[pri:0, instance:Muvi.Grid.Value@4b9e13df]" name="f" duration-ms="15553" started-at="2019-04-22T18:12:29Z" finished-at="2019-04-22T18:12:44Z">
          <reporter-output>
          </reporter-output>
        </test-method> <!-- f -->
        <test-method status="PASS" signature="g()[pri:0, instance:Muvi.Grid.Value@4b9e13df]" name="g" duration-ms="53729" started-at="2019-04-22T18:12:44Z" finished-at="2019-04-22T18:13:38Z">
          <reporter-output>
          </reporter-output>
        </test-method> <!-- g -->
      </class> <!-- Muvi.Grid.Value -->
    </test> <!-- Default test -->
  </suite> <!-- Default suite -->
</testng-results>
